<?xml version="1.0" encoding="UTF-8"?>
<testng-results ignored="0" total="1" passed="1" failed="0" skipped="0">
  <reporter-output>
  </reporter-output>
  <suite started-at="2023-06-22T15:18:32 IST" name="Default suite" finished-at="2023-06-22T15:20:21 IST" duration-ms="109057">
    <groups>
    </groups>
    <test started-at="2023-06-22T15:18:32 IST" name="Default test" finished-at="2023-06-22T15:20:21 IST" duration-ms="109057">
      <class name="test_automation.test_automation.Mytest">
        <test-method is-config="true" signature="test1()[pri:0, instance:test_automation.test_automation.Mytest@54e1c68b]" started-at="2023-06-22T15:18:32 IST" name="test1" finished-at="2023-06-22T15:18:45 IST" duration-ms="12704" status="PASS">
          <reporter-output>
          </reporter-output>
        </test-method> <!-- test1 -->
        <test-method signature="main()[pri:0, instance:test_automation.test_automation.Mytest@54e1c68b]" started-at="2023-06-22T15:18:45 IST" name="main" finished-at="2023-06-22T15:20:21 IST" duration-ms="96233" status="PASS">
          <reporter-output>
          </reporter-output>
        </test-method> <!-- main -->
      </class> <!-- test_automation.test_automation.Mytest -->
    </test> <!-- Default test -->
  </suite> <!-- Default suite -->
</testng-results>
